<?xml version="1.0" encoding="UTF-8"?>
<!-- Generated by org.testng.reporters.JUnitReportReporter -->
<testsuite hostname="LAPTOP-4G1ICOQM" failures="0" tests="6" name="com.RestaurentTests.SalesTest" time="6.509" errors="0" timestamp="2022-07-14T00:22:43 IST" skipped="4">
  <testcase classname="com.RestaurentTests.SalesTest" name="validationOfEditPageFields" time="2.522"/>
  <system-out/>
  <testcase classname="com.RestaurentTests.SalesTest" name="validationOfEditCustomerNameAndStatus" time="3.987"/>
  <system-out/>
  <testcase classname="com.RestaurentTests.SalesTest" name="ValidateSalesPageFields">
    <skipped/>
  </testcase> <!-- ValidateSalesPageFields -->
  <system-out/>
  <testcase classname="com.RestaurentTests.SalesTest" name="validateActionOptions">
    <skipped/>
  </testcase> <!-- validateActionOptions -->
  <system-out/>
  <testcase classname="com.RestaurentTests.SalesTest" name="validationOfInvoicePopUp">
    <skipped/>
  </testcase> <!-- validationOfInvoicePopUp -->
  <system-out/>
  <testcase classname="com.RestaurentTests.SalesTest" name="ValidationOfPaymentPopUp">
    <skipped/>
  </testcase> <!-- ValidationOfPaymentPopUp -->
  <system-out/>
</testsuite> <!-- com.RestaurentTests.SalesTest -->
