<?xml version="1.0" encoding="UTF-8"?>
<!-- Generated by org.testng.reporters.JUnitReportReporter -->
<testsuite hostname="LAPTOP-4G1ICOQM" failures="0" tests="7" name="com.RestaurentTests.HomeTest" time="34.324" errors="0" timestamp="2022-07-13T23:58:59 IST" skipped="4">
  <testcase classname="com.RestaurentTests.HomeTest" name="validationOfPeopleSubLinks" time="10.411"/>
  <system-out/>
  <testcase classname="com.RestaurentTests.HomeTest" name="validateExcel" time="12.170"/>
  <system-out/>
  <testcase classname="com.RestaurentTests.HomeTest" name="peopleSubWaiters" time="11.743"/>
  <system-out/>
  <testcase classname="com.RestaurentTests.HomeTest" name="validateMainNavigationLinks">
    <skipped/>
  </testcase> <!-- validateMainNavigationLinks -->
  <system-out/>
  <testcase classname="com.RestaurentTests.HomeTest" name="validateUserDetails">
    <skipped/>
  </testcase> <!-- validateUserDetails -->
  <system-out/>
  <testcase classname="com.RestaurentTests.HomeTest" name="peopleSuppliers">
    <skipped/>
  </testcase> <!-- peopleSuppliers -->
  <system-out/>
  <testcase classname="com.RestaurentTests.HomeTest" name="peopleCustomers">
    <skipped/>
  </testcase> <!-- peopleCustomers -->
  <system-out/>
</testsuite> <!-- com.RestaurentTests.HomeTest -->
