<?xml version="1.0" encoding="UTF-8"?>
<!-- Generated by org.testng.reporters.JUnitReportReporter -->
<testsuite hostname="LAPTOP-4G1ICOQM" failures="0" tests="1" name="com.RestaurentTests.LoginTest" time="12.905" errors="0" timestamp="2022-07-05T12:58:35 IST" skipped="0">
  <testcase classname="com.RestaurentTests.LoginTest" name="validLogin" time="12.905"/>
  <system-out/>
</testsuite> <!-- com.RestaurentTests.LoginTest -->
