<?xml version="1.0" encoding="UTF-8"?>
<!-- Generated by org.testng.reporters.JUnitReportReporter -->
<testsuite hostname="LAPTOP-4G1ICOQM" failures="0" tests="9" name="com.RestaurentTests.CustomerTest" time="24.054" errors="0" timestamp="2022-07-14T00:20:20 IST" skipped="0">
  <testcase classname="com.RestaurentTests.CustomerTest" name="validateCustomerTableFields" time="1.542"/>
  <system-out/>
  <testcase classname="com.RestaurentTests.CustomerTest" name="validationOfCustomerPageMainFields" time="1.105"/>
  <system-out/>
  <testcase classname="com.RestaurentTests.CustomerTest" name="validationOfValidCustomerSearch" time="1.160"/>
  <system-out/>
  <testcase classname="com.RestaurentTests.CustomerTest" name="validateNullValueSearch" time="1.344"/>
  <system-out/>
  <testcase classname="com.RestaurentTests.CustomerTest" name="validationOfAddCustomersFields" time="3.153"/>
  <system-out/>
  <testcase classname="com.RestaurentTests.CustomerTest" name="validationOfAddNewCustomer" time="4.421"/>
  <system-out/>
  <testcase classname="com.RestaurentTests.CustomerTest" name="validationOfDeleteCustomer" time="3.344"/>
  <system-out/>
  <testcase classname="com.RestaurentTests.CustomerTest" name="validationOfCustomerEditPageFields" time="2.760"/>
  <system-out/>
  <testcase classname="com.RestaurentTests.CustomerTest" name="validationOfCustomerEditDetails" time="5.225"/>
  <system-out/>
</testsuite> <!-- com.RestaurentTests.CustomerTest -->
