<?xml version="1.0" encoding="UTF-8"?>
<!-- Generated by org.testng.reporters.JUnitReportReporter -->
<testsuite hostname="LAPTOP-4G1ICOQM" failures="0" tests="1" name="com.RestaurentTests.BaseTest" time="6.235" errors="0" timestamp="2022-07-01T12:27:33 IST" skipped="0">
  <testcase classname="com.RestaurentTests.BaseTest" name="launch" time="6.235"/>
  <system-out/>
</testsuite> <!-- com.RestaurentTests.BaseTest -->
