<?xml version="1.0" encoding="UTF-8"?>
<!-- Generated by org.testng.reporters.JUnitReportReporter -->
<testsuite hostname="LAPTOP-4G1ICOQM" failures="0" tests="9" name="com.RestaurentTests.WaiterTest" time="24.629" errors="0" timestamp="2022-07-14T00:00:26 IST" skipped="0">
  <testcase classname="com.RestaurentTests.WaiterTest" name="validateWaiterTableHeaders" time="1.720"/>
  <system-out/>
  <testcase classname="com.RestaurentTests.WaiterTest" name="validationOfWaiterPageElements" time="1.520"/>
  <system-out/>
  <testcase classname="com.RestaurentTests.WaiterTest" name="validateValidWaiterSearch" time="1.465"/>
  <system-out/>
  <testcase classname="com.RestaurentTests.WaiterTest" name="validateWrongValueSearch" time="1.408"/>
  <system-out/>
  <testcase classname="com.RestaurentTests.WaiterTest" name="validationOfAddWatierInputFields" time="1.376"/>
  <system-out/>
  <testcase classname="com.RestaurentTests.WaiterTest" name="validationOfAddNewWaiter" time="5.224"/>
  <system-out/>
  <testcase classname="com.RestaurentTests.WaiterTest" name="validateDeleteWaiter" time="3.211"/>
  <system-out/>
  <testcase classname="com.RestaurentTests.WaiterTest" name="validateEditPageFields" time="2.592"/>
  <system-out/>
  <testcase classname="com.RestaurentTests.WaiterTest" name="validateEditUserDetails" time="6.113"/>
  <system-out/>
</testsuite> <!-- com.RestaurentTests.WaiterTest -->
